F:\WORK\CPP\CPP\VC_HTTP\HTTPCLIENTDEMO\HTTPCLIENTDEMO\DEBUG\HTTPCLIENTDEMO.PCH
F:\WORK\CPP\CPP\VC_HTTP\HTTPCLIENTDEMO\HTTPCLIENTDEMO\DEBUG\STDAFX.OBJ
F:\WORK\CPP\CPP\VC_HTTP\HTTPCLIENTDEMO\HTTPCLIENTDEMO\DEBUG\VC110.PDB
F:\WORK\CPP\CPP\VC_HTTP\HTTPCLIENTDEMO\HTTPCLIENTDEMO\DEBUG\HTTPCLIENT.OBJ
F:\WORK\CPP\CPP\VC_HTTP\HTTPCLIENTDEMO\HTTPCLIENTDEMO\DEBUG\HTTPCLIENTDEMO.OBJ
F:\WORK\CPP\CPP\VC_HTTP\HTTPCLIENTDEMO\HTTPCLIENTDEMO\DEBUG\HTTPCLIENTDEMODLG.OBJ
F:\WORK\CPP\CPP\VC_HTTP\HTTPCLIENTDEMO\HTTPCLIENTDEMO\DEBUG\JSON_READER.OBJ
F:\WORK\CPP\CPP\VC_HTTP\HTTPCLIENTDEMO\HTTPCLIENTDEMO\DEBUG\JSON_WRITER.OBJ
F:\WORK\CPP\CPP\VC_HTTP\HTTPCLIENTDEMO\HTTPCLIENTDEMO\DEBUG\JSON_VALUE.OBJ
F:\WORK\CPP\CPP\VC_HTTP\HTTPCLIENTDEMO\DEBUG\HTTPCLIENTDEMO.ILK
F:\WORK\CPP\CPP\VC_HTTP\HTTPCLIENTDEMO\DEBUG\HTTPCLIENTDEMO.EXE
F:\WORK\CPP\CPP\VC_HTTP\HTTPCLIENTDEMO\DEBUG\HTTPCLIENTDEMO.PDB
F:\WORK\CPP\CPP\VC_HTTP\HTTPCLIENTDEMO\HTTPCLIENTDEMO\DEBUG\HTTPCLIENTDEMO.RES
F:\work\cpp\cpp\vc_http\HttpClientDemo\HttpClientDemo\Debug\HttpClient.obj
F:\work\cpp\cpp\vc_http\HttpClientDemo\HttpClientDemo\Debug\HttpClientDemo.obj
F:\work\cpp\cpp\vc_http\HttpClientDemo\HttpClientDemo\Debug\HttpClientDemoDlg.obj
F:\work\cpp\cpp\vc_http\HttpClientDemo\HttpClientDemo\Debug\json_reader.obj
F:\work\cpp\cpp\vc_http\HttpClientDemo\HttpClientDemo\Debug\json_value.obj
F:\work\cpp\cpp\vc_http\HttpClientDemo\HttpClientDemo\Debug\json_writer.obj
F:\work\cpp\cpp\vc_http\HttpClientDemo\HttpClientDemo\Debug\stdafx.obj
F:\work\cpp\cpp\vc_http\HttpClientDemo\HttpClientDemo\Debug\cl.command.1.tlog
F:\work\cpp\cpp\vc_http\HttpClientDemo\HttpClientDemo\Debug\CL.read.1.tlog
F:\work\cpp\cpp\vc_http\HttpClientDemo\HttpClientDemo\Debug\CL.write.1.tlog
F:\work\cpp\cpp\vc_http\HttpClientDemo\HttpClientDemo\Debug\link-cvtres.read.1.tlog
F:\work\cpp\cpp\vc_http\HttpClientDemo\HttpClientDemo\Debug\link-cvtres.write.1.tlog
F:\work\cpp\cpp\vc_http\HttpClientDemo\HttpClientDemo\Debug\link-mt.read.1.tlog
F:\work\cpp\cpp\vc_http\HttpClientDemo\HttpClientDemo\Debug\link-mt.write.1.tlog
F:\work\cpp\cpp\vc_http\HttpClientDemo\HttpClientDemo\Debug\link-rc.read.1.tlog
F:\work\cpp\cpp\vc_http\HttpClientDemo\HttpClientDemo\Debug\link-rc.write.1.tlog
F:\work\cpp\cpp\vc_http\HttpClientDemo\HttpClientDemo\Debug\link.17968-cvtres.read.1.tlog
F:\work\cpp\cpp\vc_http\HttpClientDemo\HttpClientDemo\Debug\link.17968-cvtres.write.1.tlog
F:\work\cpp\cpp\vc_http\HttpClientDemo\HttpClientDemo\Debug\link.17968-mt.read.1.tlog
F:\work\cpp\cpp\vc_http\HttpClientDemo\HttpClientDemo\Debug\link.17968-mt.write.1.tlog
F:\work\cpp\cpp\vc_http\HttpClientDemo\HttpClientDemo\Debug\link.17968-rc.read.1.tlog
F:\work\cpp\cpp\vc_http\HttpClientDemo\HttpClientDemo\Debug\link.17968-rc.write.1.tlog
F:\work\cpp\cpp\vc_http\HttpClientDemo\HttpClientDemo\Debug\link.17968.read.1.tlog
F:\work\cpp\cpp\vc_http\HttpClientDemo\HttpClientDemo\Debug\link.17968.write.1.tlog
F:\work\cpp\cpp\vc_http\HttpClientDemo\HttpClientDemo\Debug\link.4300-cvtres.read.1.tlog
F:\work\cpp\cpp\vc_http\HttpClientDemo\HttpClientDemo\Debug\link.4300-cvtres.write.1.tlog
F:\work\cpp\cpp\vc_http\HttpClientDemo\HttpClientDemo\Debug\link.4300-mt.read.1.tlog
F:\work\cpp\cpp\vc_http\HttpClientDemo\HttpClientDemo\Debug\link.4300-mt.write.1.tlog
F:\work\cpp\cpp\vc_http\HttpClientDemo\HttpClientDemo\Debug\link.4300-rc.read.1.tlog
F:\work\cpp\cpp\vc_http\HttpClientDemo\HttpClientDemo\Debug\link.4300-rc.write.1.tlog
F:\work\cpp\cpp\vc_http\HttpClientDemo\HttpClientDemo\Debug\link.4300.read.1.tlog
F:\work\cpp\cpp\vc_http\HttpClientDemo\HttpClientDemo\Debug\link.4300.write.1.tlog
F:\work\cpp\cpp\vc_http\HttpClientDemo\HttpClientDemo\Debug\link.command.1.tlog
F:\work\cpp\cpp\vc_http\HttpClientDemo\HttpClientDemo\Debug\link.read.1.tlog
F:\work\cpp\cpp\vc_http\HttpClientDemo\HttpClientDemo\Debug\link.write.1.tlog
F:\work\cpp\cpp\vc_http\HttpClientDemo\HttpClientDemo\Debug\rc.command.1.tlog
F:\work\cpp\cpp\vc_http\HttpClientDemo\HttpClientDemo\Debug\rc.read.1.tlog
F:\work\cpp\cpp\vc_http\HttpClientDemo\HttpClientDemo\Debug\rc.write.1.tlog
F:\work\cpp\cpp\vc_http\HttpClientDemo\HttpClientDemo\Debug\HttpClientDemo.res
F:\work\cpp\cpp\vc_http\HttpClientDemo\HttpClientDemo\Debug\HttpClientDemo.pch
F:\work\cpp\cpp\vc_http\HttpClientDemo\HttpClientDemo\Debug\vc110.idb
F:\work\cpp\cpp\vc_http\HttpClientDemo\HttpClientDemo\Debug\vc110.pdb
F:\work\cpp\cpp\vc_http\HttpClientDemo\Debug\HttpClientDemo.pdb
F:\work\cpp\cpp\vc_http\HttpClientDemo\Debug\HttpClientDemo.exe
F:\work\cpp\cpp\vc_http\HttpClientDemo\Debug\HttpClientDemo.ilk
